# JRE version: Java(TM) SE Runtime Environment (8.0_201-b09) (build 1.8.0_201-b09)
# Java VM: Java HotSpot(TM) 64-Bit Server VM (25.201-b09 mixed mode linux-amd64 compressed oops)
Heap:
 PSYoungGen      total 261632K, used 8012K [0x00000000d7b00000, 0x00000000e8600000, 0x0000000100000000)
  eden space 249856K, 0% used [0x00000000d7b00000,0x00000000d7b00000,0x00000000e6f00000)
  from space 11776K, 68% used [0x00000000e6f00000,0x00000000e76d32f8,0x00000000e7a80000)
  to   space 11776K, 0% used [0x00000000e7a80000,0x00000000e7a80000,0x00000000e8600000)
 ParOldGen       total 83456K, used 17556K [0x0000000087000000, 0x000000008c180000, 0x00000000d7b00000)
  object space 83456K, 21% used [0x0000000087000000,0x00000000881251b8,0x000000008c180000)
 Metaspace       used 17295K, capacity 17679K, committed 17792K, reserved 1064960K
  class space    used 1765K, capacity 1858K, committed 1920K, reserved 1048576K
GC Heap History (10 events):
Event: 1,112 GC heap after
Heap after GC invocations=2 (full 0):
 PSYoungGen      total 67584K, used 5088K [0x00000000d7b00000, 0x00000000dc200000, 0x0000000100000000)
  eden space 62464K, 0% used [0x00000000d7b00000,0x00000000d7b00000,0x00000000db800000)
  from space 5120K, 99% used [0x00000000dbd00000,0x00000000dc1f8020,0x00000000dc200000)
  to   space 5120K, 0% used [0x00000000db800000,0x00000000db800000,0x00000000dbd00000)
 ParOldGen       total 83456K, used 5616K [0x0000000087000000, 0x000000008c180000, 0x00000000d7b00000)
  object space 83456K, 6% used [0x0000000087000000,0x000000008757c3e8,0x000000008c180000)
 Metaspace       used 13001K, capacity 13128K, committed 13312K, reserved 1060864K
  class space    used 1454K, capacity 1494K, committed 1536K, reserved 1048576K
}
Event: 1,721 GC heap before
{Heap before GC invocations=3 (full 0):
 PSYoungGen      total 67584K, used 67552K [0x00000000d7b00000, 0x00000000dc200000, 0x0000000100000000)
  eden space 62464K, 100% used [0x00000000d7b00000,0x00000000db800000,0x00000000db800000)
  from space 5120K, 99% used [0x00000000dbd00000,0x00000000dc1f8020,0x00000000dc200000)
  to   space 5120K, 0% used [0x00000000db800000,0x00000000db800000,0x00000000dbd00000)
 ParOldGen       total 83456K, used 5616K [0x0000000087000000, 0x000000008c180000, 0x00000000d7b00000)
  object space 83456K, 6% used [0x0000000087000000,0x000000008757c3e8,0x000000008c180000)
 Metaspace       used 15916K, capacity 16113K, committed 16384K, reserved 1064960K
  class space    used 1658K, capacity 1709K, committed 1792K, reserved 1048576K
Event: 1,731 GC heap after
Heap after GC invocations=3 (full 0):
 PSYoungGen      total 67584K, used 5106K [0x00000000d7b00000, 0x00000000dff00000, 0x0000000100000000)
  eden space 62464K, 0% used [0x00000000d7b00000,0x00000000d7b00000,0x00000000db800000)
  from space 5120K, 99% used [0x00000000db800000,0x00000000dbcfcac8,0x00000000dbd00000)
  to   space 5120K, 0% used [0x00000000dfa00000,0x00000000dfa00000,0x00000000dff00000)
 ParOldGen       total 83456K, used 8583K [0x0000000087000000, 0x000000008c180000, 0x00000000d7b00000)
  object space 83456K, 10% used [0x0000000087000000,0x0000000087861e60,0x000000008c180000)
 Metaspace       used 15916K, capacity 16113K, committed 16384K, reserved 1064960K
  class space    used 1658K, capacity 1709K, committed 1792K, reserved 1048576K
}
Event: 1,940 GC heap before
{Heap before GC invocations=4 (full 0):
 PSYoungGen      total 67584K, used 67570K [0x00000000d7b00000, 0x00000000dff00000, 0x0000000100000000)
  eden space 62464K, 100% used [0x00000000d7b00000,0x00000000db800000,0x00000000db800000)
  from space 5120K, 99% used [0x00000000db800000,0x00000000dbcfcac8,0x00000000dbd00000)
  to   space 5120K, 0% used [0x00000000dfa00000,0x00000000dfa00000,0x00000000dff00000)
 ParOldGen       total 83456K, used 8583K [0x0000000087000000, 0x000000008c180000, 0x00000000d7b00000)
  object space 83456K, 10% used [0x0000000087000000,0x0000000087861e60,0x000000008c180000)
 Metaspace       used 16178K, capacity 16383K, committed 16640K, reserved 1064960K
  class space    used 1677K, capacity 1722K, committed 1792K, reserved 1048576K
Event: 1,950 GC heap after
Heap after GC invocations=4 (full 0):
 PSYoungGen      total 130048K, used 5103K [0x00000000d7b00000, 0x00000000dff00000, 0x0000000100000000)
  eden space 124928K, 0% used [0x00000000d7b00000,0x00000000d7b00000,0x00000000df500000)
  from space 5120K, 99% used [0x00000000dfa00000,0x00000000dfefbcc0,0x00000000dff00000)
  to   space 5120K, 0% used [0x00000000df500000,0x00000000df500000,0x00000000dfa00000)
 ParOldGen       total 83456K, used 10175K [0x0000000087000000, 0x000000008c180000, 0x00000000d7b00000)
  object space 83456K, 12% used [0x0000000087000000,0x00000000879efeb0,0x000000008c180000)
 Metaspace       used 16178K, capacity 16383K, committed 16640K, reserved 1064960K
  class space    used 1677K, capacity 1722K, committed 1792K, reserved 1048576K
}
Event: 2,623 GC heap before
{Heap before GC invocations=5 (full 0):
 PSYoungGen      total 130048K, used 130031K [0x00000000d7b00000, 0x00000000dff00000, 0x0000000100000000)
  eden space 124928K, 100% used [0x00000000d7b00000,0x00000000df500000,0x00000000df500000)
  from space 5120K, 99% used [0x00000000dfa00000,0x00000000dfefbcc0,0x00000000dff00000)
  to   space 5120K, 0% used [0x00000000df500000,0x00000000df500000,0x00000000dfa00000)
 ParOldGen       total 83456K, used 10175K [0x0000000087000000, 0x000000008c180000, 0x00000000d7b00000)
  object space 83456K, 12% used [0x0000000087000000,0x00000000879efeb0,0x000000008c180000)
 Metaspace       used 16896K, capacity 17213K, committed 17536K, reserved 1064960K
  class space    used 1736K, capacity 1807K, committed 1920K, reserved 1048576K
Event: 2,638 GC heap after
Heap after GC invocations=5 (full 0):
 PSYoungGen      total 130048K, used 5114K [0x00000000d7b00000, 0x00000000e8600000, 0x0000000100000000)
  eden space 124928K, 0% used [0x00000000d7b00000,0x00000000d7b00000,0x00000000df500000)
  from space 5120K, 99% used [0x00000000df500000,0x00000000df9fea98,0x00000000dfa00000)
  to   space 11776K, 0% used [0x00000000e7a80000,0x00000000e7a80000,0x00000000e8600000)
 ParOldGen       total 83456K, used 15025K [0x0000000087000000, 0x000000008c180000, 0x00000000d7b00000)
  object space 83456K, 18% used [0x0000000087000000,0x0000000087eac5b8,0x000000008c180000)
 Metaspace       used 16896K, capacity 17213K, committed 17536K, reserved 1064960K
  class space    used 1736K, capacity 1807K, committed 1920K, reserved 1048576K
}
Event: 3,097 GC heap before
{Heap before GC invocations=6 (full 0):
 PSYoungGen      total 130048K, used 130042K [0x00000000d7b00000, 0x00000000e8600000, 0x0000000100000000)
  eden space 124928K, 99% used [0x00000000d7b00000,0x00000000df4ffdb0,0x00000000df500000)
  from space 5120K, 99% used [0x00000000df500000,0x00000000df9fea98,0x00000000dfa00000)
  to   space 11776K, 0% used [0x00000000e7a80000,0x00000000e7a80000,0x00000000e8600000)
 ParOldGen       total 83456K, used 15025K [0x0000000087000000, 0x000000008c180000, 0x00000000d7b00000)
  object space 83456K, 18% used [0x0000000087000000,0x0000000087eac5b8,0x000000008c180000)
 Metaspace       used 17213K, capacity 17615K, committed 17792K, reserved 1064960K
  class space    used 1765K, capacity 1858K, committed 1920K, reserved 1048576K
Event: 3,124 GC heap after
Heap after GC invocations=6 (full 0):
 PSYoungGen      total 261632K, used 8830K [0x00000000d7b00000, 0x00000000e8600000, 0x0000000100000000)
  eden space 249856K, 0% used [0x00000000d7b00000,0x00000000d7b00000,0x00000000e6f00000)
  from space 11776K, 74% used [0x00000000e7a80000,0x00000000e831fab0,0x00000000e8600000)
  to   space 11776K, 0% used [0x00000000e6f00000,0x00000000e6f00000,0x00000000e7a80000)
 ParOldGen       total 83456K, used 15033K [0x0000000087000000, 0x000000008c180000, 0x00000000d7b00000)
  object space 83456K, 18% used [0x0000000087000000,0x0000000087eae5b8,0x000000008c180000)
 Metaspace       used 17213K, capacity 17615K, committed 17792K, reserved 1064960K
  class space    used 1765K, capacity 1858K, committed 1920K, reserved 1048576K
}
Event: 4,124 GC heap before
{Heap before GC invocations=7 (full 0):
 PSYoungGen      total 261632K, used 258686K [0x00000000d7b00000, 0x00000000e8600000, 0x0000000100000000)
  eden space 249856K, 100% used [0x00000000d7b00000,0x00000000e6f00000,0x00000000e6f00000)
  from space 11776K, 74% used [0x00000000e7a80000,0x00000000e831fab0,0x00000000e8600000)
  to   space 11776K, 0% used [0x00000000e6f00000,0x00000000e6f00000,0x00000000e7a80000)
 ParOldGen       total 83456K, used 15033K [0x0000000087000000, 0x000000008c180000, 0x00000000d7b00000)
  object space 83456K, 18% used [0x0000000087000000,0x0000000087eae5b8,0x000000008c180000)
 Metaspace       used 17295K, capacity 17679K, committed 17792K, reserved 1064960K
  class space    used 1765K, capacity 1858K, committed 1920K, reserved 1048576K

